<?xml version="1.0" encoding="UTF-8"?>
<!-- Generated by org.testng.reporters.JUnitReportReporter -->
<testsuite name="com.QaAutomatiom.TatocAutomation.TatocMainTest" tests="5" time="4.291" ignored="0" failures="0" timestamp="25 Jun 2018 08:01:37 GMT" skipped="0" hostname="HPDA0192" errors="0">
  <testcase name="dragDropTest" time="0.627" classname="com.QaAutomatiom.TatocAutomation.TatocMainTest"/>
  <testcase name="CheckBoxColor" time="1.272" classname="com.QaAutomatiom.TatocAutomation.TatocMainTest"/>
  <testcase name="launchBrowser" time="0.398" classname="com.QaAutomatiom.TatocAutomation.TatocMainTest"/>
  <testcase name="cookieTest" time="0.339" classname="com.QaAutomatiom.TatocAutomation.TatocMainTest"/>
  <testcase name="windowPopUpTest" time="1.655" classname="com.QaAutomatiom.TatocAutomation.TatocMainTest"/>
</testsuite> <!-- com.QaAutomatiom.TatocAutomation.TatocMainTest -->
